2020-02-15 02:29:58,225 - telegram.bot - DEBUG - Entering: get_me
2020-02-15 02:29:58,226 - telegram.vendor.ptb_urllib3.urllib3.connectionpool - DEBUG - Starting new HTTPS connection (1): api.telegram.org
2020-02-15 02:29:58,842 - telegram.vendor.ptb_urllib3.urllib3.connectionpool - DEBUG - https://api.telegram.org:443 "GET /bot1087000896:AAH7nwyqoV3ESLy6ygxz-GmCwgQylv3ypjI/getMe HTTP/1.1" 200 207
2020-02-15 02:29:58,843 - telegram.bot - DEBUG - {'id': 1087000896, 'first_name': 'nu_uid_hhparser', 'is_bot': True, 'username': 'nu_uid_hhparser_bot'}
2020-02-15 02:29:58,843 - telegram.bot - DEBUG - Exiting: get_me
2020-02-15 02:29:58,844 - JobQueue - DEBUG - JobQueue thread started
2020-02-15 02:29:58,845 - telegram.ext.updater - DEBUG - Bot:1087000896:dispatcher - started
2020-02-15 02:29:58,845 - telegram.ext.updater - DEBUG - Bot:1087000896:updater - started
2020-02-15 02:29:58,845 - telegram.bot - DEBUG - Entering: set_webhook
2020-02-15 02:29:58,846 - telegram.ext.updater - DEBUG - Updater thread started (webhook)
2020-02-15 02:29:58,847 - telegram.ext.dispatcher - DEBUG - Dispatcher started
2020-02-15 02:29:58,863 - asyncio - DEBUG - Using selector: SelectSelector
2020-02-15 02:29:58,880 - telegram.utils.webhookhandler - DEBUG - Webhook Server started.
2020-02-15 02:30:00,357 - telegram.vendor.ptb_urllib3.urllib3.connectionpool - DEBUG - https://api.telegram.org:443 "POST /bot1087000896:AAH7nwyqoV3ESLy6ygxz-GmCwgQylv3ypjI/setWebhook HTTP/1.1" 200 57
2020-02-15 02:30:00,358 - telegram.bot - DEBUG - True
2020-02-15 02:30:00,358 - telegram.bot - DEBUG - Exiting: set_webhook
2020-02-15 02:30:21,607 - telegram.utils.webhookhandler - DEBUG - Webhook triggered
2020-02-15 02:30:21,607 - telegram.utils.webhookhandler - DEBUG - Webhook received data: {"update_id":955696757,
"message":{"message_id":411,"from":{"id":347724327,"is_bot":false,"first_name":"Max D.","username":"unitiindiversity","language_code":"ru"},"chat":{"id":347724327,"first_name":"Max D.","username":"unitiindiversity","type":"private"},"date":1581723022,"text":"/start","entities":[{"offset":0,"length":6,"type":"bot_command"}]}}
2020-02-15 02:30:21,607 - telegram.utils.webhookhandler - DEBUG - Received Update with ID 955696757 on Webhook
2020-02-15 02:30:21,607 - telegram.ext.dispatcher - DEBUG - Processing Update: {'update_id': 955696757, 'message': {'message_id': 411, 'date': 1581723022, 'chat': {'id': 347724327, 'type': 'private', 'username': 'unitiindiversity', 'first_name': 'Max D.'}, 'text': '/start', 'entities': [{'type': 'bot_command', 'offset': 0, 'length': 6}], 'caption_entities': [], 'photo': [], 'new_chat_members': [], 'new_chat_photo': [], 'delete_chat_photo': False, 'group_chat_created': False, 'supergroup_chat_created': False, 'channel_chat_created': False, 'from': {'id': 347724327, 'first_name': 'Max D.', 'is_bot': False, 'username': 'unitiindiversity', 'language_code': 'ru'}}}
2020-02-15 02:30:21,607 - telegram.bot - DEBUG - Entering: send_message
2020-02-15 02:30:21,702 - telegram.vendor.ptb_urllib3.urllib3.connectionpool - DEBUG - https://api.telegram.org:443 "POST /bot1087000896:AAH7nwyqoV3ESLy6ygxz-GmCwgQylv3ypjI/sendMessage HTTP/1.1" 200 1197
2020-02-15 02:30:21,702 - telegram.bot - DEBUG - {'message_id': 412, 'date': 1581723022, 'chat': {'id': 347724327, 'type': 'private', 'username': 'unitiindiversity', 'first_name': 'Max D.'}, 'text': 'Привет, покажу топ навыков и среднюю ЗП для вакансий найденных на hh.ru.\nПоиск осуществляется по заданой ключевой фразе.\nДля получения подробной информации вызывай /help', 'entities': [{'type': 'url', 'offset': 66, 'length': 5}, {'type': 'bot_command', 'offset': 164, 'length': 5}], 'caption_entities': [], 'photo': [], 'new_chat_members': [], 'new_chat_photo': [], 'delete_chat_photo': False, 'group_chat_created': False, 'supergroup_chat_created': False, 'channel_chat_created': False, 'from': {'id': 1087000896, 'first_name': 'nu_uid_hhparser', 'is_bot': True, 'username': 'nu_uid_hhparser_bot'}}
2020-02-15 02:30:21,703 - telegram.bot - DEBUG - Exiting: send_message
2020-02-15 02:30:39,414 - telegram.utils.webhookhandler - DEBUG - Webhook triggered
2020-02-15 02:30:39,414 - telegram.utils.webhookhandler - DEBUG - Webhook received data: {"update_id":955696758,
"message":{"message_id":413,"from":{"id":347724327,"is_bot":false,"first_name":"Max D.","username":"unitiindiversity","language_code":"ru"},"chat":{"id":347724327,"first_name":"Max D.","username":"unitiindiversity","type":"private"},"date":1581723040,"text":"/get_skills","entities":[{"offset":0,"length":11,"type":"bot_command"}]}}
2020-02-15 02:30:39,415 - telegram.utils.webhookhandler - DEBUG - Received Update with ID 955696758 on Webhook
2020-02-15 02:30:39,415 - telegram.ext.dispatcher - DEBUG - Processing Update: {'update_id': 955696758, 'message': {'message_id': 413, 'date': 1581723040, 'chat': {'id': 347724327, 'type': 'private', 'username': 'unitiindiversity', 'first_name': 'Max D.'}, 'text': '/get_skills', 'entities': [{'type': 'bot_command', 'offset': 0, 'length': 11}], 'caption_entities': [], 'photo': [], 'new_chat_members': [], 'new_chat_photo': [], 'delete_chat_photo': False, 'group_chat_created': False, 'supergroup_chat_created': False, 'channel_chat_created': False, 'from': {'id': 347724327, 'first_name': 'Max D.', 'is_bot': False, 'username': 'unitiindiversity', 'language_code': 'ru'}}}
2020-02-15 02:30:39,436 - telegram.bot - DEBUG - Entering: send_message
2020-02-15 02:30:39,524 - telegram.vendor.ptb_urllib3.urllib3.connectionpool - DEBUG - https://api.telegram.org:443 "POST /bot1087000896:AAH7nwyqoV3ESLy6ygxz-GmCwgQylv3ypjI/sendMessage HTTP/1.1" 200 904
2020-02-15 02:30:39,524 - telegram.bot - DEBUG - {'message_id': 414, 'date': 1581723040, 'chat': {'id': 347724327, 'type': 'private', 'username': 'unitiindiversity', 'first_name': 'Max D.'}, 'text': 'Ошибочно введен город, Чтобы повторить запрос, снова полностью отправьте команду, проверив правильность написания города.', 'entities': [], 'caption_entities': [], 'photo': [], 'new_chat_members': [], 'new_chat_photo': [], 'delete_chat_photo': False, 'group_chat_created': False, 'supergroup_chat_created': False, 'channel_chat_created': False, 'from': {'id': 1087000896, 'first_name': 'nu_uid_hhparser', 'is_bot': True, 'username': 'nu_uid_hhparser_bot'}}
2020-02-15 02:30:39,525 - telegram.bot - DEBUG - Exiting: send_message
2020-02-15 02:31:12,380 - telegram.utils.webhookhandler - DEBUG - Webhook triggered
2020-02-15 02:31:12,380 - telegram.utils.webhookhandler - DEBUG - Webhook received data: {"update_id":955696759,
"message":{"message_id":415,"from":{"id":347724327,"is_bot":false,"first_name":"Max D.","username":"unitiindiversity","language_code":"ru"},"chat":{"id":347724327,"first_name":"Max D.","username":"unitiindiversity","type":"private"},"date":1581723073,"text":"/get_skills \u0432\u043e\u0440\u043e\u043d\u0435\u0436 \u0441\u0438\u0441\u0430\u0434\u043c\u0438\u043d","entities":[{"offset":0,"length":11,"type":"bot_command"}]}}
2020-02-15 02:31:12,381 - telegram.utils.webhookhandler - DEBUG - Received Update with ID 955696759 on Webhook
2020-02-15 02:31:12,381 - telegram.ext.dispatcher - DEBUG - Processing Update: {'update_id': 955696759, 'message': {'message_id': 415, 'date': 1581723073, 'chat': {'id': 347724327, 'type': 'private', 'username': 'unitiindiversity', 'first_name': 'Max D.'}, 'text': '/get_skills воронеж сисадмин', 'entities': [{'type': 'bot_command', 'offset': 0, 'length': 11}], 'caption_entities': [], 'photo': [], 'new_chat_members': [], 'new_chat_photo': [], 'delete_chat_photo': False, 'group_chat_created': False, 'supergroup_chat_created': False, 'channel_chat_created': False, 'from': {'id': 347724327, 'first_name': 'Max D.', 'is_bot': False, 'username': 'unitiindiversity', 'language_code': 'ru'}}}
2020-02-15 02:31:19,417 - telegram.bot - DEBUG - Entering: send_message
2020-02-15 02:31:19,526 - telegram.vendor.ptb_urllib3.urllib3.connectionpool - DEBUG - https://api.telegram.org:443 "POST /bot1087000896:AAH7nwyqoV3ESLy6ygxz-GmCwgQylv3ypjI/sendMessage HTTP/1.1" 200 2169
2020-02-15 02:31:19,526 - telegram.bot - DEBUG - {'message_id': 416, 'date': 1581723080, 'chat': {'id': 347724327, 'type': 'private', 'username': 'unitiindiversity', 'first_name': 'Max D.'}, 'text': "Кол-во вакансий: 67\nСредняя зарплата: 47183 рублей\nТоп 20 навыков: ['Linux 11', 'TCP/IP 10', 'Администрирование серверов Linux 9', 'Администрирование 7', 'Информационные технологии 6', 'Администрирование серверов Windows 6', 'Nginx 5', 'Windows 7 5', 'Деловая переписка 5', 'Настройка ПО 5', 'MS SQL 5', 'Деловое общение 4', 'Bash 4', 'Zabbix 4', 'Настройка ПК 4', 'Работа в команде 4', 'Active Directory 4', 'Английский язык 4', 'Администрирование сетевого оборудования 4', 'Настройка сетевых подключений 4']", 'entities': [], 'caption_entities': [], 'photo': [], 'new_chat_members': [], 'new_chat_photo': [], 'delete_chat_photo': False, 'group_chat_created': False, 'supergroup_chat_created': False, 'channel_chat_created': False, 'from': {'id': 1087000896, 'first_name': 'nu_uid_hhparser', 'is_bot': True, 'username': 'nu_uid_hhparser_bot'}}
2020-02-15 02:31:19,526 - telegram.bot - DEBUG - Exiting: send_message
2020-02-15 02:31:29,966 - telegram.utils.webhookhandler - DEBUG - Webhook triggered
2020-02-15 02:31:29,967 - telegram.utils.webhookhandler - DEBUG - Webhook received data: {"update_id":955696760,
"message":{"message_id":417,"from":{"id":347724327,"is_bot":false,"first_name":"Max D.","username":"unitiindiversity","language_code":"ru"},"chat":{"id":347724327,"first_name":"Max D.","username":"unitiindiversity","type":"private"},"date":1581723090,"text":"/get_skills \u0441\u0430\u043c\u0430\u0440\u0430 \u0441\u0438\u0441\u0430\u0434\u043c\u0438\u043d","entities":[{"offset":0,"length":11,"type":"bot_command"}]}}
2020-02-15 02:31:29,967 - telegram.utils.webhookhandler - DEBUG - Received Update with ID 955696760 on Webhook
2020-02-15 02:31:29,967 - telegram.ext.dispatcher - DEBUG - Processing Update: {'update_id': 955696760, 'message': {'message_id': 417, 'date': 1581723090, 'chat': {'id': 347724327, 'type': 'private', 'username': 'unitiindiversity', 'first_name': 'Max D.'}, 'text': '/get_skills самара сисадмин', 'entities': [{'type': 'bot_command', 'offset': 0, 'length': 11}], 'caption_entities': [], 'photo': [], 'new_chat_members': [], 'new_chat_photo': [], 'delete_chat_photo': False, 'group_chat_created': False, 'supergroup_chat_created': False, 'channel_chat_created': False, 'from': {'id': 347724327, 'first_name': 'Max D.', 'is_bot': False, 'username': 'unitiindiversity', 'language_code': 'ru'}}}
2020-02-15 02:31:29,998 - telegram.bot - DEBUG - Entering: send_message
2020-02-15 02:31:30,094 - telegram.vendor.ptb_urllib3.urllib3.connectionpool - DEBUG - https://api.telegram.org:443 "POST /bot1087000896:AAH7nwyqoV3ESLy6ygxz-GmCwgQylv3ypjI/sendMessage HTTP/1.1" 200 1926
2020-02-15 02:31:30,094 - telegram.bot - DEBUG - {'message_id': 418, 'date': 1581723091, 'chat': {'id': 347724327, 'type': 'private', 'username': 'unitiindiversity', 'first_name': 'Max D.'}, 'text': "Кол-во вакансий: 61\nСредняя зарплата: 50842 рублей\nТоп 20 навыков: ['Linux 12', 'Администрирование серверов Windows 11', 'Настройка ПК 10', 'Администрирование серверов Linux 9', 'Настройка сетевых подключений 8', 'Active Directory 8', 'TCP/IP 8', 'Администрирование сетевого оборудования 7', 'MySQL 6', 'Настройка ПО 5', 'Windows 7 5', 'Ремонт ПК 4', 'DHCP 4', 'Настройка DNS 4', 'PostgreSQL 4', 'Helpdesk 4', 'Windows Xp 3', 'Настройка почтовых серверов 3', 'Unix 3', '1С: Предприятие 8 3']", 'entities': [], 'caption_entities': [], 'photo': [], 'new_chat_members': [], 'new_chat_photo': [], 'delete_chat_photo': False, 'group_chat_created': False, 'supergroup_chat_created': False, 'channel_chat_created': False, 'from': {'id': 1087000896, 'first_name': 'nu_uid_hhparser', 'is_bot': True, 'username': 'nu_uid_hhparser_bot'}}
2020-02-15 02:31:30,094 - telegram.bot - DEBUG - Exiting: send_message
